17:33:40,677  INFO DbReader:40 - qqqq
17:33:40,680  INFO DbReader:40 - qqqq
17:33:40,680  INFO DbReader:40 - qqqq
17:33:40,681  INFO DbReader:40 - qqqq
17:33:40,681  INFO DbReader:40 - qqqq
17:33:40,682  INFO DbReader:40 - qqqq
17:33:40,682  INFO DbReader:40 - qqqq
17:33:40,683  INFO DbReader:40 - qqqq
17:33:40,685  INFO DbReader:40 - qqqq
17:33:40,685  INFO DbReader:40 - qqqq
17:33:40,686  INFO DbReader:40 - qqqq
17:33:40,686  INFO DbReader:40 - qqqq
17:33:40,687  INFO DbReader:40 - qqqq
17:33:40,687  INFO DbReader:40 - qqqq
17:33:40,688  INFO DbReader:40 - qqqq
17:33:40,688  INFO DbReader:40 - qqqq
17:33:40,690  INFO DbReader:40 - qqqq
17:33:40,691  INFO DbReader:40 - qqqq
17:33:40,691  INFO DbReader:40 - qqqq
17:33:40,692  INFO DbReader:40 - qqqq
17:33:40,692  INFO DbReader:40 - qqqq
17:33:40,693  INFO DbReader:40 - qqqq
17:33:40,693  INFO DbReader:40 - qqqq
17:33:40,694  INFO DbReader:40 - qqqq
17:33:40,694  INFO DbReader:40 - qqqq
17:33:40,695  INFO DbReader:40 - qqqq
17:33:40,695  INFO DbReader:40 - qqqq
17:33:40,696  INFO DbReader:40 - qqqq
17:33:40,697  INFO DbReader:40 - qqqq
17:33:40,697  INFO DbReader:40 - qqqq
17:33:40,698  INFO DbReader:40 - qqqq
17:33:40,698  INFO DbReader:40 - qqqq
17:33:40,698  INFO DbReader:40 - qqqq
17:33:40,699  INFO DbReader:40 - qqqq
17:34:19,142  INFO DbReader:40 - qqqq
17:34:19,145  INFO DbReader:40 - qqqq
17:34:19,145  INFO DbReader:40 - qqqq
17:34:19,146  INFO DbReader:40 - qqqq
17:34:19,146  INFO DbReader:40 - qqqq
17:34:19,147  INFO DbReader:40 - qqqq
17:34:19,147  INFO DbReader:40 - qqqq
17:34:19,148  INFO DbReader:40 - qqqq
17:34:19,150  INFO DbReader:40 - qqqq
17:34:19,150  INFO DbReader:40 - qqqq
17:34:19,150  INFO DbReader:40 - qqqq
17:34:19,151  INFO DbReader:40 - qqqq
17:34:19,151  INFO DbReader:40 - qqqq
17:34:19,152  INFO DbReader:40 - qqqq
17:34:19,152  INFO DbReader:40 - qqqq
17:34:19,153  INFO DbReader:40 - qqqq
17:34:19,155  INFO DbReader:40 - qqqq
17:34:19,156  INFO DbReader:40 - qqqq
17:34:19,156  INFO DbReader:40 - qqqq
17:34:19,157  INFO DbReader:40 - qqqq
17:34:19,157  INFO DbReader:40 - qqqq
17:34:19,158  INFO DbReader:40 - qqqq
17:34:19,158  INFO DbReader:40 - qqqq
17:34:19,159  INFO DbReader:40 - qqqq
17:34:19,159  INFO DbReader:40 - qqqq
17:34:19,160  INFO DbReader:40 - qqqq
17:34:19,160  INFO DbReader:40 - qqqq
17:34:19,161  INFO DbReader:40 - qqqq
17:34:19,161  INFO DbReader:40 - qqqq
17:34:19,162  INFO DbReader:40 - qqqq
17:34:19,162  INFO DbReader:40 - qqqq
17:34:19,163  INFO DbReader:40 - qqqq
17:34:19,163  INFO DbReader:40 - qqqq
17:34:19,164  INFO DbReader:40 - qqqq
INFO 06.27.12 17:37:18,649 DbReader [] qqqq [main]
INFO 06.27.12 17:37:18,651 DbReader [] qqqq [main]
INFO 06.27.12 17:37:18,652 DbReader [] qqqq [main]
INFO 06.27.12 17:37:18,652 DbReader [] qqqq [main]
INFO 06.27.12 17:37:18,653 DbReader [] qqqq [main]
INFO 06.27.12 17:37:18,653 DbReader [] qqqq [main]
INFO 06.27.12 17:37:18,654 DbReader [] qqqq [main]
INFO 06.27.12 17:37:18,654 DbReader [] qqqq [main]
INFO 06.27.12 17:37:18,655 DbReader [] qqqq [main]
INFO 06.27.12 17:37:18,655 DbReader [] qqqq [main]
INFO 06.27.12 17:37:18,656 DbReader [] qqqq [main]
INFO 06.27.12 17:37:18,656 DbReader [] qqqq [main]
INFO 06.27.12 17:37:18,657 DbReader [] qqqq [main]
INFO 06.27.12 17:37:18,657 DbReader [] qqqq [main]
INFO 06.27.12 17:37:18,657 DbReader [] qqqq [main]
INFO 06.27.12 17:37:18,658 DbReader [] qqqq [main]
INFO 06.27.12 17:37:18,658 DbReader [] qqqq [main]
INFO 06.27.12 17:37:18,659 DbReader [] qqqq [main]
INFO 06.27.12 17:37:18,659 DbReader [] qqqq [main]
INFO 06.27.12 17:37:18,660 DbReader [] qqqq [main]
INFO 06.27.12 17:37:18,660 DbReader [] qqqq [main]
INFO 06.27.12 17:37:18,661 DbReader [] qqqq [main]
INFO 06.27.12 17:37:18,661 DbReader [] qqqq [main]
INFO 06.27.12 17:37:18,662 DbReader [] qqqq [main]
INFO 06.27.12 17:37:18,662 DbReader [] qqqq [main]
INFO 06.27.12 17:37:18,662 DbReader [] qqqq [main]
INFO 06.27.12 17:37:18,663 DbReader [] qqqq [main]
INFO 06.27.12 17:37:18,663 DbReader [] qqqq [main]
INFO 06.27.12 17:37:18,664 DbReader [] qqqq [main]
INFO 06.27.12 17:37:18,664 DbReader [] qqqq [main]
INFO 06.27.12 17:37:18,665 DbReader [] qqqq [main]
INFO 06.27.12 17:37:18,665 DbReader [] qqqq [main]
INFO 06.27.12 17:37:18,665 DbReader [] qqqq [main]
INFO 06.27.12 17:37:18,666 DbReader [] qqqq [main]
INFO 06.27.12 17:38:47,574  INFO DbReader:40 - qqqq
INFO 06.27.12 17:38:47,592  INFO DbReader:40 - qqqq
INFO 06.27.12 17:38:47,593  INFO DbReader:40 - qqqq
INFO 06.27.12 17:38:47,593  INFO DbReader:40 - qqqq
INFO 06.27.12 17:38:47,594  INFO DbReader:40 - qqqq
INFO 06.27.12 17:38:47,594  INFO DbReader:40 - qqqq
INFO 06.27.12 17:38:47,595  INFO DbReader:40 - qqqq
INFO 06.27.12 17:38:47,595  INFO DbReader:40 - qqqq
INFO 06.27.12 17:38:47,597  INFO DbReader:40 - qqqq
INFO 06.27.12 17:38:47,598  INFO DbReader:40 - qqqq
INFO 06.27.12 17:38:47,598  INFO DbReader:40 - qqqq
INFO 06.27.12 17:38:47,599  INFO DbReader:40 - qqqq
INFO 06.27.12 17:38:47,600  INFO DbReader:40 - qqqq
INFO 06.27.12 17:38:47,600  INFO DbReader:40 - qqqq
INFO 06.27.12 17:38:47,600  INFO DbReader:40 - qqqq
INFO 06.27.12 17:38:47,601  INFO DbReader:40 - qqqq
INFO 06.27.12 17:38:47,603  INFO DbReader:40 - qqqq
INFO 06.27.12 17:38:47,604  INFO DbReader:40 - qqqq
INFO 06.27.12 17:38:47,604  INFO DbReader:40 - qqqq
INFO 06.27.12 17:38:47,605  INFO DbReader:40 - qqqq
INFO 06.27.12 17:38:47,605  INFO DbReader:40 - qqqq
INFO 06.27.12 17:38:47,606  INFO DbReader:40 - qqqq
INFO 06.27.12 17:38:47,606  INFO DbReader:40 - qqqq
INFO 06.27.12 17:38:47,607  INFO DbReader:40 - qqqq
INFO 06.27.12 17:38:47,607  INFO DbReader:40 - qqqq
INFO 06.27.12 17:38:47,608  INFO DbReader:40 - qqqq
INFO 06.27.12 17:38:47,608  INFO DbReader:40 - qqqq
INFO 06.27.12 17:38:47,609  INFO DbReader:40 - qqqq
INFO 06.27.12 17:38:47,609  INFO DbReader:40 - qqqq
INFO 06.27.12 17:38:47,610  INFO DbReader:40 - qqqq
INFO 06.27.12 17:38:47,611  INFO DbReader:40 - qqqq
INFO 06.27.12 17:38:47,611  INFO DbReader:40 - qqqq
INFO 06.27.12 17:38:47,611  INFO DbReader:40 - qqqq
INFO 06.27.12 17:38:47,612  INFO DbReader:40 - qqqq
INFO 06.27.12 17:39:29,497 [DbReader:40] - qqqq
INFO 06.27.12 17:39:29,500 [DbReader:40] - qqqq
INFO 06.27.12 17:39:29,500 [DbReader:40] - qqqq
INFO 06.27.12 17:39:29,501 [DbReader:40] - qqqq
INFO 06.27.12 17:39:29,501 [DbReader:40] - qqqq
INFO 06.27.12 17:39:29,502 [DbReader:40] - qqqq
INFO 06.27.12 17:39:29,502 [DbReader:40] - qqqq
INFO 06.27.12 17:39:29,503 [DbReader:40] - qqqq
INFO 06.27.12 17:39:29,505 [DbReader:40] - qqqq
INFO 06.27.12 17:39:29,506 [DbReader:40] - qqqq
INFO 06.27.12 17:39:29,507 [DbReader:40] - qqqq
INFO 06.27.12 17:39:29,507 [DbReader:40] - qqqq
INFO 06.27.12 17:39:29,508 [DbReader:40] - qqqq
INFO 06.27.12 17:39:29,508 [DbReader:40] - qqqq
INFO 06.27.12 17:39:29,509 [DbReader:40] - qqqq
INFO 06.27.12 17:39:29,509 [DbReader:40] - qqqq
INFO 06.27.12 17:39:29,511 [DbReader:40] - qqqq
INFO 06.27.12 17:39:29,512 [DbReader:40] - qqqq
INFO 06.27.12 17:39:29,513 [DbReader:40] - qqqq
INFO 06.27.12 17:39:29,513 [DbReader:40] - qqqq
INFO 06.27.12 17:39:29,514 [DbReader:40] - qqqq
INFO 06.27.12 17:39:29,514 [DbReader:40] - qqqq
INFO 06.27.12 17:39:29,515 [DbReader:40] - qqqq
INFO 06.27.12 17:39:29,515 [DbReader:40] - qqqq
INFO 06.27.12 17:39:29,516 [DbReader:40] - qqqq
INFO 06.27.12 17:39:29,516 [DbReader:40] - qqqq
INFO 06.27.12 17:39:29,516 [DbReader:40] - qqqq
INFO 06.27.12 17:39:29,517 [DbReader:40] - qqqq
INFO 06.27.12 17:39:29,517 [DbReader:40] - qqqq
INFO 06.27.12 17:39:29,518 [DbReader:40] - qqqq
INFO 06.27.12 17:39:29,518 [DbReader:40] - qqqq
INFO 06.27.12 17:39:29,519 [DbReader:40] - qqqq
INFO 06.27.12 17:39:29,519 [DbReader:40] - qqqq
INFO 06.27.12 17:39:29,520 [DbReader:40] - qqqq
INFO 06.27.12 17:40:20,181 [DbReader:40] qqqq
INFO 06.27.12 17:40:20,184 [DbReader:40] qqqq
INFO 06.27.12 17:40:20,184 [DbReader:40] qqqq
INFO 06.27.12 17:40:20,185 [DbReader:40] qqqq
INFO 06.27.12 17:40:20,185 [DbReader:40] qqqq
INFO 06.27.12 17:40:20,186 [DbReader:40] qqqq
INFO 06.27.12 17:40:20,186 [DbReader:40] qqqq
INFO 06.27.12 17:40:20,187 [DbReader:40] qqqq
INFO 06.27.12 17:40:20,189 [DbReader:40] qqqq
INFO 06.27.12 17:40:20,190 [DbReader:40] qqqq
INFO 06.27.12 17:40:20,190 [DbReader:40] qqqq
INFO 06.27.12 17:40:20,191 [DbReader:40] qqqq
INFO 06.27.12 17:40:20,191 [DbReader:40] qqqq
INFO 06.27.12 17:40:20,192 [DbReader:40] qqqq
INFO 06.27.12 17:40:20,192 [DbReader:40] qqqq
INFO 06.27.12 17:40:20,192 [DbReader:40] qqqq
INFO 06.27.12 17:40:20,194 [DbReader:40] qqqq
INFO 06.27.12 17:40:20,195 [DbReader:40] qqqq
INFO 06.27.12 17:40:20,195 [DbReader:40] qqqq
INFO 06.27.12 17:40:20,196 [DbReader:40] qqqq
INFO 06.27.12 17:40:20,197 [DbReader:40] qqqq
INFO 06.27.12 17:40:20,197 [DbReader:40] qqqq
INFO 06.27.12 17:40:20,198 [DbReader:40] qqqq
INFO 06.27.12 17:40:20,198 [DbReader:40] qqqq
INFO 06.27.12 17:40:20,199 [DbReader:40] qqqq
INFO 06.27.12 17:40:20,200 [DbReader:40] qqqq
INFO 06.27.12 17:40:20,200 [DbReader:40] qqqq
INFO 06.27.12 17:40:20,201 [DbReader:40] qqqq
INFO 06.27.12 17:40:20,201 [DbReader:40] qqqq
INFO 06.27.12 17:40:20,202 [DbReader:40] qqqq
INFO 06.27.12 17:40:20,202 [DbReader:40] qqqq
INFO 06.27.12 17:40:20,203 [DbReader:40] qqqq
INFO 06.27.12 17:40:20,203 [DbReader:40] qqqq
INFO 06.27.12 17:40:20,203 [DbReader:40] qqqq
